<?xml version="1.0" encoding="UTF-8"?>
<testng-results skipped="0" failed="0" total="1" passed="1">
  <reporter-output>
  </reporter-output>
  <suite name="Default suite" duration-ms="29571" started-at="2020-06-27T10:05:04Z" finished-at="2020-06-27T10:05:34Z">
    <groups>
    </groups>
    <test name="Default test" duration-ms="29571" started-at="2020-06-27T10:05:04Z" finished-at="2020-06-27T10:05:34Z">
      <class name="TestRunner.RunnerClass">
        <test-method status="PASS" signature="setUp()[pri:0, instance:TestRunner.RunnerClass@1753acfe]" name="setUp" is-config="true" duration-ms="6893" started-at="2020-06-27T15:35:04Z" finished-at="2020-06-27T15:35:11Z">
          <reporter-output>
          </reporter-output>
        </test-method> <!-- setUp -->
        <test-method status="PASS" signature="Amazon()[pri:0, instance:TestRunner.RunnerClass@1753acfe]" name="Amazon" duration-ms="21861" started-at="2020-06-27T15:35:11Z" finished-at="2020-06-27T15:35:33Z">
          <reporter-output>
          </reporter-output>
        </test-method> <!-- Amazon -->
        <test-method status="PASS" signature="tearDown()[pri:0, instance:TestRunner.RunnerClass@1753acfe]" name="tearDown" is-config="true" duration-ms="792" started-at="2020-06-27T15:35:33Z" finished-at="2020-06-27T15:35:34Z">
          <reporter-output>
          </reporter-output>
        </test-method> <!-- tearDown -->
      </class> <!-- TestRunner.RunnerClass -->
    </test> <!-- Default test -->
  </suite> <!-- Default suite -->
</testng-results>
